<?xml version="1.0" encoding="UTF-8"?>
<!-- Generated by org.testng.reporters.JUnitReportReporter -->
<testsuite skipped="0" hostname="DESKTOP-RU11HV8" name="com.crm.qa.testcases.LoginPageTest" tests="2" failures="0" timestamp="22 Apr 2021 00:14:41 GMT" time="34.873" errors="0">
  <testcase name="validateHomePageTitle" time="18.907" classname="com.crm.qa.testcases.LoginPageTest"/>
  <testcase name="CitywideLogoImageTest" time="15.966" classname="com.crm.qa.testcases.LoginPageTest"/>
</testsuite> <!-- com.crm.qa.testcases.LoginPageTest -->
