<?xml version="1.0" encoding="UTF-8"?>
<!-- Generated by org.testng.reporters.JUnitReportReporter -->
<testsuite skipped="0" hostname="DESKTOP-RU11HV8" name="com.crm.qa.testcases.CreateAccountTest" tests="2" failures="0" timestamp="03 May 2021 00:19:09 GMT" time="75.780" errors="0">
  <testcase name="validateCreateAccountPageTitle" time="16.742" classname="com.crm.qa.testcases.CreateAccountTest"/>
  <testcase name="createNewContactTest" time="59.038" classname="com.crm.qa.testcases.CreateAccountTest"/>
</testsuite> <!-- com.crm.qa.testcases.CreateAccountTest -->
