<?xml version="1.0" encoding="UTF-8"?>
<!-- Generated by org.testng.reporters.JUnitReportReporter -->
<testsuite skipped="0" hostname="DESKTOP-RU11HV8" name="com.crm.qa.testcases.HomePageTest" tests="2" failures="0" timestamp="03 May 2021 00:19:09 GMT" time="103.811" errors="0">
  <testcase name="validateHomePageTitle" time="83.945" classname="com.crm.qa.testcases.HomePageTest"/>
  <testcase name="YourLogoImageTest" time="19.866" classname="com.crm.qa.testcases.HomePageTest"/>
</testsuite> <!-- com.crm.qa.testcases.HomePageTest -->
