<?xml version="1.0" encoding="UTF-8"?>
<!-- Generated by org.testng.reporters.JUnitReportReporter -->
<testsuite skipped="1" hostname="DESKTOP-RU11HV8" name="com.crm.qa.testcases.ContactPageTest" tests="3" failures="0" timestamp="22 Apr 2021 01:28:31 GMT" time="47.651" errors="0">
  <testcase name="verifyContactsLabelTest" time="19.458" classname="com.crm.qa.testcases.ContactPageTest"/>
  <testcase name="validateContactsPageTitle" time="28.193" classname="com.crm.qa.testcases.ContactPageTest"/>
  <testcase name="createNewQueryTest" time="0.000" classname="com.crm.qa.testcases.ContactPageTest">
    <skipped/>
  </testcase> <!-- createNewQueryTest -->
</testsuite> <!-- com.crm.qa.testcases.ContactPageTest -->
